vd-texture-video-view/build/intermediates/manifest_merge_blame_file/release/manifest-merger-blame-release-report.txt
1<?xml version="1.0" encoding="utf-8"?>
2<manifest xmlns:android="http://schemas.android.com/apk/res/android"
3    xmlns:tools="http://schemas.android.com/tools"
4    package="com.liuzhenlin.texturevideoview" >
5
6    <uses-sdk
6-->src/main/AndroidManifest.xml:10:5-21:30
7        android:minSdkVersion="21"
7-->src/main/AndroidManifest.xml:10:5-21:30
8        android:targetSdkVersion="29"
8-->src/main/AndroidManifest.xml:10:5-21:30
9        tools:overrideLibrary="             com.google.android.exoplayer2.core,             com.google.android.exoplayer2.common,             com.google.android.exoplayer2.extractor,             com.google.android.exoplayer2.source.dash,             com.google.android.exoplayer2.source.hls,             com.google.android.exoplayer2.source.smoothstreaming,             com.google.android.exoplayer2.ext.rtmp, net.butterflytv.rtmp_client,             com.google.android.exoplayer2.ext.av1,             com.google.android.exoplayer2.ext.vp9,             com.google.android.exoplayer2.ext.ffmpeg,             org.videolan" />
9-->src/main/AndroidManifest.xml:10:5-21:30
10
11    <uses-permission android:name="android.permission.BLUETOOTH" />
11-->src/main/AndroidManifest.xml:6:5-68
11-->src/main/AndroidManifest.xml:6:22-65
12    <uses-permission android:name="android.permission.FOREGROUND_SERVICE" />
12-->src/main/AndroidManifest.xml:8:5-77
12-->src/main/AndroidManifest.xml:8:22-74
13
14    <application>
14-->src/main/AndroidManifest.xml:23:5-29:19
15        <service android:name="com.liuzhenlin.texturevideoview.service.BackgroundPlaybackControllerService" />
15-->src/main/AndroidManifest.xml:24:9-80
15-->src/main/AndroidManifest.xml:24:18-77
16
17        <activity
17-->src/main/AndroidManifest.xml:26:9-28:47
18            android:name="com.liuzhenlin.texturevideoview.sample.DemoActivity"
18-->src/main/AndroidManifest.xml:27:13-48
19            android:launchMode="singleTask" />
19-->src/main/AndroidManifest.xml:28:13-44
20    </application>
21
22</manifest>